Aug 23 18:29:28 Installed: libreport-filesystem-2.1.11-40.el7.centos.x86_64
Aug 23 18:29:28 Installed: mailx-12.5-19.el7.x86_64
Aug 23 18:29:29 Installed: libicu-50.1.2-15.el7.x86_64
Aug 23 18:29:29 Installed: gdisk-0.8.6-5.el7.x86_64
Aug 23 18:29:29 Installed: 1:smartmontools-6.5-1.el7.x86_64
Aug 23 18:29:29 Installed: mdadm-4.0-13.el7.x86_64
Aug 23 18:29:29 Installed: hdparm-9.43-5.el7.x86_64
Aug 23 19:14:43 Installed: mpfr-3.1.1-4.el7.x86_64
Aug 23 19:14:43 Installed: libmpc-1.0.1-3.el7.x86_64
Aug 23 19:14:44 Installed: cpp-4.8.5-28.el7_5.1.x86_64
Aug 23 19:14:44 Installed: kernel-headers-3.10.0-862.11.6.el7.x86_64
Aug 23 19:14:44 Installed: glibc-headers-2.17-222.el7.x86_64
Aug 23 19:14:45 Installed: glibc-devel-2.17-222.el7.x86_64
Aug 23 19:14:45 Updated: libgcc-4.8.5-28.el7_5.1.x86_64
Aug 23 19:14:45 Updated: libgomp-4.8.5-28.el7_5.1.x86_64
Aug 23 19:14:46 Installed: gcc-4.8.5-28.el7_5.1.x86_64
Aug 23 19:31:38 Installed: 1:perl-parent-0.225-244.el7.noarch
Aug 23 19:31:38 Installed: perl-HTTP-Tiny-0.033-3.el7.noarch
Aug 23 19:31:38 Installed: perl-podlators-2.5.1-3.el7.noarch
Aug 23 19:31:38 Installed: perl-Pod-Perldoc-3.20-4.el7.noarch
Aug 23 19:31:38 Installed: 1:perl-Pod-Escapes-1.04-292.el7.noarch
Aug 23 19:31:38 Installed: perl-Text-ParseWords-3.29-4.el7.noarch
Aug 23 19:31:38 Installed: perl-Encode-2.51-7.el7.x86_64
Aug 23 19:31:38 Installed: perl-Pod-Usage-1.63-3.el7.noarch
Aug 23 19:31:38 Installed: 4:perl-macros-5.16.3-292.el7.x86_64
Aug 23 19:31:38 Installed: 4:perl-libs-5.16.3-292.el7.x86_64
Aug 23 19:31:38 Installed: perl-Storable-2.45-3.el7.x86_64
Aug 23 19:31:38 Installed: perl-Exporter-5.68-3.el7.noarch
Aug 23 19:31:38 Installed: perl-constant-1.27-2.el7.noarch
Aug 23 19:31:38 Installed: perl-Time-Local-1.2300-2.el7.noarch
Aug 23 19:31:38 Installed: perl-Socket-2.010-4.el7.x86_64
Aug 23 19:31:38 Installed: perl-Carp-1.26-244.el7.noarch
Aug 23 19:31:38 Installed: 4:perl-Time-HiRes-1.9725-3.el7.x86_64
Aug 23 19:31:38 Installed: perl-PathTools-3.40-5.el7.x86_64
Aug 23 19:31:38 Installed: perl-Scalar-List-Utils-1.27-248.el7.x86_64
Aug 23 19:31:38 Installed: perl-File-Temp-0.23.01-3.el7.noarch
Aug 23 19:31:38 Installed: perl-File-Path-2.09-2.el7.noarch
Aug 23 19:31:38 Installed: perl-threads-shared-1.43-6.el7.x86_64
Aug 23 19:31:38 Installed: perl-threads-1.87-4.el7.x86_64
Aug 23 19:31:38 Installed: perl-Filter-1.49-3.el7.x86_64
Aug 23 19:31:38 Installed: 1:perl-Pod-Simple-3.28-4.el7.noarch
Aug 23 19:31:38 Installed: perl-Getopt-Long-2.40-3.el7.noarch
Aug 23 19:31:40 Installed: 4:perl-5.16.3-292.el7.x86_64
Aug 23 19:31:40 Installed: 1:perl-Error-0.17020-2.el7.noarch
Aug 23 19:31:40 Installed: perl-TermReadKey-2.30-20.el7.x86_64
Aug 23 19:31:40 Installed: libgnome-keyring-3.12.0-1.el7.x86_64
Aug 23 19:31:40 Installed: perl-Git-1.8.3.1-14.el7_5.noarch
Aug 23 19:31:42 Installed: git-1.8.3.1-14.el7_5.x86_64
Aug 24 18:42:10 Installed: kernel-devel-3.10.0-862.11.6.el7.x86_64
Aug 24 19:03:06 Installed: wget-1.14-15.el7_4.1.x86_64
Aug 24 19:17:19 Installed: m4-1.4.16-10.el7.x86_64
Aug 24 19:17:20 Installed: bison-3.0.4-1.el7.x86_64
Aug 24 19:17:42 Installed: flex-2.5.37-3.el7.x86_64
Aug 24 19:45:39 Installed: elfutils-0.170-4.el7.x86_64
Aug 24 19:47:09 Updated: nspr-4.19.0-1.el7_5.x86_64
Aug 24 19:47:09 Updated: nss-util-3.36.0-1.el7_5.x86_64
Aug 24 19:47:09 Updated: systemd-libs-219-57.el7_5.1.x86_64
Aug 24 19:47:09 Updated: libuuid-2.23.2-52.el7_5.1.x86_64
Aug 24 19:47:09 Updated: audit-libs-2.8.1-3.el7_5.1.x86_64
Aug 24 19:47:09 Updated: libblkid-2.23.2-52.el7_5.1.x86_64
Aug 24 19:47:09 Updated: libcom_err-1.42.9-12.el7_5.x86_64
Aug 24 19:47:09 Updated: centos-release-7-5.1804.4.el7.centos.x86_64
Aug 24 19:47:09 Updated: libmount-2.23.2-52.el7_5.1.x86_64
Aug 24 19:47:11 Updated: systemd-219-57.el7_5.1.x86_64
Aug 24 19:47:11 Updated: util-linux-2.23.2-52.el7_5.1.x86_64
Aug 24 19:47:11 Updated: procps-ng-3.3.10-17.el7_5.2.x86_64
Aug 24 19:47:12 Updated: initscripts-9.49.41-1.el7_5.1.x86_64
Aug 24 19:47:12 Updated: libstdc++-4.8.5-28.el7_5.1.x86_64
Aug 24 19:47:14 Updated: python-libs-2.7.5-69.el7_5.x86_64
Aug 24 19:47:14 Updated: python-2.7.5-69.el7_5.x86_64
Aug 24 19:47:14 Updated: systemd-sysv-219-57.el7_5.1.x86_64
Aug 24 19:47:14 Updated: python-perf-3.10.0-862.11.6.el7.x86_64
Aug 24 19:47:14 Updated: libss-1.42.9-12.el7_5.x86_64
Aug 24 19:47:14 Updated: e2fsprogs-libs-1.42.9-12.el7_5.x86_64
Aug 24 19:47:14 Updated: nss-softokn-freebl-3.36.0-5.el7_5.x86_64
Aug 24 19:47:14 Updated: nss-softokn-3.36.0-5.el7_5.x86_64
Aug 24 19:47:14 Updated: nss-3.36.0-5.el7_5.x86_64
Aug 24 19:47:14 Updated: nss-sysinit-3.36.0-5.el7_5.x86_64
Aug 24 19:47:14 Updated: 1:NetworkManager-libnm-1.10.2-16.el7_5.x86_64
Aug 24 19:47:15 Updated: 1:NetworkManager-1.10.2-16.el7_5.x86_64
Aug 24 19:47:15 Updated: nss-tools-3.36.0-5.el7_5.x86_64
Aug 24 19:47:15 Updated: openldap-2.4.44-15.el7_5.x86_64
Aug 24 19:47:15 Updated: 12:dhcp-libs-4.2.5-68.el7.centos.1.x86_64
Aug 24 19:47:15 Updated: 12:dhcp-common-4.2.5-68.el7.centos.1.x86_64
Aug 24 19:47:21 Updated: selinux-policy-3.13.1-192.el7_5.6.noarch
Aug 24 19:47:21 Updated: kpartx-0.4.9-119.el7_5.1.x86_64
Aug 24 19:47:21 Updated: dracut-033-535.el7_5.1.x86_64
Aug 24 19:47:21 Updated: kernel-tools-libs-3.10.0-862.11.6.el7.x86_64
Aug 24 19:47:28 Updated: linux-firmware-20180220-62.2.git6d51311.el7_5.noarch
Aug 24 19:47:31 Installed: kernel-3.10.0-862.11.6.el7.x86_64
Aug 24 19:47:31 Updated: kernel-tools-3.10.0-862.11.6.el7.x86_64
Aug 24 19:47:41 Updated: selinux-policy-targeted-3.13.1-192.el7_5.6.noarch
Aug 24 19:47:41 Updated: 12:dhclient-4.2.5-68.el7.centos.1.x86_64
Aug 24 19:47:41 Updated: sudo-1.8.19p2-14.el7_5.x86_64
Aug 24 19:47:42 Updated: gnupg2-2.0.22-5.el7_5.x86_64
Aug 24 19:47:42 Updated: 1:NetworkManager-tui-1.10.2-16.el7_5.x86_64
Aug 24 19:47:42 Updated: 1:NetworkManager-team-1.10.2-16.el7_5.x86_64
Aug 24 19:47:42 Updated: e2fsprogs-1.42.9-12.el7_5.x86_64
Aug 24 19:47:42 Updated: tuned-2.9.0-1.el7_5.2.noarch
Aug 24 19:47:42 Updated: audit-2.8.1-3.el7_5.1.x86_64
Aug 24 19:47:42 Updated: yum-utils-1.1.31-46.el7_5.noarch
Aug 24 19:47:42 Updated: 10:qemu-guest-agent-2.8.0-2.el7_5.1.x86_64
Aug 24 19:47:42 Updated: 1:mariadb-libs-5.5.60-1.el7_5.x86_64
Aug 24 19:47:43 Updated: rsyslog-8.24.0-16.el7_5.4.x86_64
Aug 24 19:47:44 Updated: binutils-2.27-28.base.el7_5.1.x86_64
Aug 24 19:47:44 Updated: ca-certificates-2018.2.22-70.0.el7_5.noarch
Aug 24 19:47:44 Updated: yum-plugin-fastestmirror-1.1.31-46.el7_5.noarch
Aug 24 19:47:44 Updated: iptables-1.4.21-24.1.el7_5.x86_64
Aug 24 19:48:41 Installed: zlib-devel-1.2.7-17.el7.x86_64
Aug 24 19:48:41 Installed: elfutils-libelf-devel-0.170-4.el7.x86_64
Aug 24 19:48:41 Installed: xz-devel-5.2.2-1.el7.x86_64
Aug 24 19:48:41 Installed: elfutils-devel-0.170-4.el7.x86_64
Aug 24 19:49:32 Installed: bc-1.06.95-13.el7.x86_64
Aug 24 19:52:24 Installed: keyutils-libs-devel-1.5.8-3.el7.x86_64
Aug 24 19:52:24 Installed: libcom_err-devel-1.42.9-12.el7_5.x86_64
Aug 24 19:52:24 Installed: libkadm5-1.15.1-19.el7.x86_64
Aug 24 19:52:24 Installed: libsepol-devel-2.5-8.1.el7.x86_64
Aug 24 19:52:24 Installed: pcre-devel-8.32-17.el7.x86_64
Aug 24 19:52:24 Installed: libselinux-devel-2.5-12.el7.x86_64
Aug 24 19:52:24 Installed: libverto-devel-0.2.5-4.el7.x86_64
Aug 24 19:52:24 Installed: krb5-devel-1.15.1-19.el7.x86_64
Aug 24 19:52:25 Installed: 1:openssl-devel-1.0.2k-12.el7.x86_64
